{"numFailedTestSuites":0,"numFailedTests":0,"numPassedTestSuites":4,"numPassedTests":14,"numPendingTestSuites":0,"numPendingTests":0,"numRuntimeErrorTestSuites":0,"numTodoTests":0,"numTotalTestSuites":4,"numTotalTests":14,"openHandles":[],"snapshot":{"added":0,"didUpdate":false,"failure":false,"filesAdded":0,"filesRemoved":0,"filesRemovedList":[],"filesUnmatched":0,"filesUpdated":0,"matched":0,"total":0,"unchecked":0,"uncheckedKeysByFile":[],"unmatched":0,"updated":0},"startTime":1752646000156,"success":true,"testResults":[{"assertionResults":[{"ancestorTitles":["AddInteractionForm"],"failureMessages":[],"fullName":"AddInteractionForm addInteractionFormValidation","location":null,"status":"passed","title":"addInteractionFormValidation"},{"ancestorTitles":["AddInteractionForm"],"failureMessages":[],"fullName":"AddInteractionForm addInteractionFormSubmission","location":null,"status":"passed","title":"addInteractionFormSubmission"},{"ancestorTitles":["AddInteractionForm"],"failureMessages":[],"fullName":"AddInteractionForm interactionTypeAndStatusDropdowns","location":null,"status":"passed","title":"interactionTypeAndStatusDropdowns"}],"endTime":1752646003441,"message":"","name":"/home/coder/project/workspace/question_generation_service/solutions/556532ed-1494-4415-b860-cdd317a1baa1/reactapp/src/components/AddInteractionForm.test.js","startTime":1752646001196,"status":"passed","summary":""},{"assertionResults":[{"ancestorTitles":["CustomerDetails"],"failureMessages":[],"fullName":"CustomerDetails renderCustomerDetailsComponent","location":null,"status":"passed","title":"renderCustomerDetailsComponent"},{"ancestorTitles":["CustomerDetails"],"failureMessages":[],"fullName":"CustomerDetails customerDetailsNotFound","location":null,"status":"passed","title":"customerDetailsNotFound"}],"endTime":1752646003505,"message":"","name":"/home/coder/project/workspace/question_generation_service/solutions/556532ed-1494-4415-b860-cdd317a1baa1/reactapp/src/components/CustomerDetails.test.js","startTime":1752646001108,"status":"passed","summary":""},{"assertionResults":[{"ancestorTitles":["CustomerRegistrationForm"],"failureMessages":[],"fullName":"CustomerRegistrationForm customerRegistrationFormValidation","location":null,"status":"passed","title":"customerRegistrationFormValidation"},{"ancestorTitles":["CustomerRegistrationForm"],"failureMessages":[],"fullName":"CustomerRegistrationForm customerRegistrationFormSubmission","location":null,"status":"passed","title":"customerRegistrationFormSubmission"},{"ancestorTitles":["CustomerRegistrationForm"],"failureMessages":[],"fullName":"CustomerRegistrationForm customerRegistrationFormError","location":null,"status":"passed","title":"customerRegistrationFormError"},{"ancestorTitles":["CustomerRegistrationForm"],"failureMessages":[],"fullName":"CustomerRegistrationForm customerRegistrationFormReset","location":null,"status":"passed","title":"customerRegistrationFormReset"},{"ancestorTitles":["CustomerRegistrationForm"],"failureMessages":[],"fullName":"CustomerRegistrationForm customerTypeDropdown","location":null,"status":"passed","title":"customerTypeDropdown"}],"endTime":1752646003640,"message":"","name":"/home/coder/project/workspace/question_generation_service/solutions/556532ed-1494-4415-b860-cdd317a1baa1/reactapp/src/components/CustomerRegistrationForm.test.js","startTime":1752646001213,"status":"passed","summary":""},{"assertionResults":[{"ancestorTitles":["CustomerList"],"failureMessages":[],"fullName":"CustomerList renderCustomerListComponent","location":null,"status":"passed","title":"renderCustomerListComponent"},{"ancestorTitles":["CustomerList"],"failureMessages":[],"fullName":"CustomerList customerListEmptyState","location":null,"status":"passed","title":"customerListEmptyState"},{"ancestorTitles":["CustomerList"],"failureMessages":[],"fullName":"CustomerList customerListLoadingState","location":null,"status":"passed","title":"customerListLoadingState"},{"ancestorTitles":["CustomerList"],"failureMessages":[],"fullName":"CustomerList viewDetailsNavigation","location":null,"status":"passed","title":"viewDetailsNavigation"}],"endTime":1752646003837,"message":"","name":"/home/coder/project/workspace/question_generation_service/solutions/556532ed-1494-4415-b860-cdd317a1baa1/reactapp/src/components/CustomerList.test.js","startTime":1752646003477,"status":"passed","summary":""}],"wasInterrupted":false}